<?xml version="1.0" encoding="UTF-8"?>
<testsuites name="New Test Suite1" time="14.712" tests="1" failures="0" errors="0">
   <testsuite name="New Test Suite1" tests="1" failures="0" errors="0" time="14.712" skipped="0" timestamp="2023-06-16 13:02:21" hostname="nikhita.ganvir - INBL01LAP30757.brd.g-c-i.com" id="Test Suites/New Test Suite1">
      <properties>
         <property name="deviceName" value=""/>
         <property name="devicePlatform" value=""/>
         <property name="logFolder" value="C:\\Users\\nikhita.ganvir\\git\\AgentRepo\\Reports\\20230616_130205\\New Test Suite1\\20230616_130205"/>
         <property name="logFiles" value="C:\\Users\\nikhita.ganvir\\git\\AgentRepo\\Reports\\20230616_130205\\New Test Suite1\\20230616_130205\\execution0.log"/>
         <property name="attachments" value=""/>
         <property name="hostName" value="nikhita.ganvir - INBL01LAP30757.brd.g-c-i.com"/>
         <property name="os" value="Windows 10 64bit"/>
         <property name="katalonVersion" value="8.6.0.208"/>
         <property name="browser" value="Chrome 114.0.0.0"/>
         <property name="hostAddress" value="192.168.1.5"/>
         <property name="sessionId" value="61bc66e516bb3802ba0c1817d7ed1f83"/>
         <property name="seleniumVersion" value="3.141.59"/>
         <property name="proxyInformation" value="ProxyInformation { proxyOption=NO_PROXY, proxyServerType=HTTP, username=, password=********, proxyServerAddress=, proxyServerPort=0, executionList=&quot;&quot;, isApplyToDesiredCapabilities=true }"/>
         <property name="platform" value="Windows 10"/>
      </properties>
      <testcase name="Test Cases/Test Case1" time="14.115" classname="Test Cases/Test Case1" status="PASSED">
         <system-out><![CDATA[2023-06-16 13:02:22 - [TEST_CASE][PASSED] - Test Cases/Test Case1: Test Cases/Test Case1

2023-06-16 13:02:23 - [TEST_STEP][PASSED] - openBrowser(""): Browser is opened with url: ''

2023-06-16 13:02:23 - [MESSAGE][INFO] - Starting 'Chrome' driver

2023-06-16 13:02:23 - [MESSAGE][INFO] - Action delay is set to 0 milliseconds

2023-06-16 13:02:29 - [MESSAGE][PASSED] - Browser is opened with url: ''

2023-06-16 13:02:29 - [TEST_STEP][PASSED] - navigateToUrl("https://www.google.com"): Navigate to 'https://www.google.com' successfully

2023-06-16 13:02:31 - [MESSAGE][PASSED] - Navigate to 'https://www.google.com' successfully

2023-06-16 13:02:31 - [TEST_STEP][PASSED] - delay(3): Delayed 3 second(s)

2023-06-16 13:02:34 - [MESSAGE][PASSED] - Delayed 3 second(s)

2023-06-16 13:02:34 - [TEST_STEP][PASSED] - closeBrowser(): Browser is closed

2023-06-16 13:02:36 - [MESSAGE][PASSED] - Browser is closed]]></system-out>
         <system-err><![CDATA[]]></system-err>
      </testcase>
      <system-out><![CDATA[2023-06-16 13:02:21 - [TEST_SUITE][PASSED] - New Test Suite1: Test Cases/Test Case1]]></system-out>
      <system-err><![CDATA[]]></system-err>
   </testsuite>
</testsuites>
